c:\users\kalo\source\repos\pokerengine\pokerproject\debug\vc142.pdb
c:\users\kalo\source\repos\pokerengine\pokerproject\debug\vc142.idb
c:\users\kalo\source\repos\pokerengine\pokerproject\debug\utility.obj
c:\users\kalo\source\repos\pokerengine\pokerproject\debug\twopair.obj
c:\users\kalo\source\repos\pokerengine\pokerproject\debug\tree.obj
c:\users\kalo\source\repos\pokerengine\pokerproject\debug\straightflush.obj
c:\users\kalo\source\repos\pokerengine\pokerproject\debug\straight.obj
c:\users\kalo\source\repos\pokerengine\pokerproject\debug\power.obj
c:\users\kalo\source\repos\pokerengine\pokerproject\debug\pokerproject.obj
c:\users\kalo\source\repos\pokerengine\pokerproject\debug\pokerhand.obj
c:\users\kalo\source\repos\pokerengine\pokerproject\debug\onepair.obj
c:\users\kalo\source\repos\pokerengine\pokerproject\debug\nonepower.obj
c:\users\kalo\source\repos\pokerengine\pokerproject\debug\fullhouse.obj
c:\users\kalo\source\repos\pokerengine\pokerproject\debug\four.obj
c:\users\kalo\source\repos\pokerengine\pokerproject\debug\flush.obj
c:\users\kalo\source\repos\pokerengine\pokerproject\debug\pokerproject.ilk
c:\users\kalo\source\repos\pokerengine\pokerproject\debug\pokerproject.dll
c:\users\kalo\source\repos\pokerengine\pokerproject\debug\pokerproject.pdb
c:\users\kalo\source\repos\pokerengine\pokerproject\debug\pokerproject.tlog\cl.command.1.tlog
c:\users\kalo\source\repos\pokerengine\pokerproject\debug\pokerproject.tlog\cl.read.1.tlog
c:\users\kalo\source\repos\pokerengine\pokerproject\debug\pokerproject.tlog\cl.write.1.tlog
c:\users\kalo\source\repos\pokerengine\pokerproject\debug\pokerproject.tlog\link.command.1.tlog
c:\users\kalo\source\repos\pokerengine\pokerproject\debug\pokerproject.tlog\link.read.1.tlog
c:\users\kalo\source\repos\pokerengine\pokerproject\debug\pokerproject.tlog\link.write.1.tlog
